<?xml version="1.0" encoding="UTF-8"?>
<!-- Generated by org.testng.reporters.JUnitReportReporter -->
<testsuite hostname="PE-HO-451" failures="0" tests="4" name="RunPruebas.RunPrueba" time="61.298" errors="0" timestamp="2022-10-07T11:37:04 COT" skipped="0">
  <testcase classname="RunPruebas.RunPrueba" name="operacionCalculadora" time="0.003"/>
  <system-out/>
  <testcase classname="RunPruebas.RunPrueba" name="pruebaMercadolibreWeb" time="61.293"/>
  <system-out/>
  <testcase classname="RunPruebas.RunPrueba" name="pruebaAlerts" time="0.001"/>
  <system-out/>
  <testcase classname="RunPruebas.RunPrueba" name="pruebaWidgets" time="0.001"/>
  <system-out/>
</testsuite> <!-- RunPruebas.RunPrueba -->
